0 info it worked if it ends with ok
1 verbose cli [ 'C:\\Program Files\\nodejs\\node.exe',
1 verbose cli   'C:\\Program Files\\nodejs\\node_modules\\npm\\bin\\npm-cli.js',
1 verbose cli   'run',
1 verbose cli   'test' ]
2 info using npm@3.10.10
3 info using node@v6.11.0
4 verbose run-script [ 'pretest', 'test', 'posttest' ]
5 info lifecycle todo-grad-project@1.0.0~pretest: todo-grad-project@1.0.0
6 silly lifecycle todo-grad-project@1.0.0~pretest: no script for pretest, continuing
7 info lifecycle todo-grad-project@1.0.0~test: todo-grad-project@1.0.0
8 verbose lifecycle todo-grad-project@1.0.0~test: unsafe-perm in lifecycle true
9 verbose lifecycle todo-grad-project@1.0.0~test: PATH: C:\Program Files\nodejs\node_modules\npm\bin\node-gyp-bin;C:\Users\rgraham\documents\todo-grad-project\node_modules\.bin;C:\Users\rgraham\bin;C:\Program Files\Git\mingw64\bin;C:\Program Files\Git\usr\local\bin;C:\Program Files\Git\usr\bin;C:\Program Files\Git\usr\bin;C:\Program Files\Git\mingw64\bin;C:\Program Files\Git\usr\bin;C:\Users\rgraham\bin;C:\Program Files (x86)\Intel\iCLS Client;C:\Program Files\Intel\iCLS Client;C:\WINDOWS\system32;C:\WINDOWS;C:\WINDOWS\System32\Wbem;C:\WINDOWS\System32\WindowsPowerShell\v1.0;C:\Program Files (x86)\Intel\Intel(R) Management Engine Components\DAL;C:\Program Files\Intel\Intel(R) Management Engine Components\DAL;C:\Program Files (x86)\Intel\Intel(R) Management Engine Components\IPT;C:\Program Files\Intel\Intel(R) Management Engine Components\IPT;C:\Program Files\nodejs;C:\Program Files\Git\cmd;C:\Users\rgraham\AppData\Roaming\npm;C:\Program Files (x86)\Microsoft VS Code\bin;C:\Program Files\Git\usr\bin\vendor_perl;C:\Program Files\Git\usr\bin\core_perl
10 verbose lifecycle todo-grad-project@1.0.0~test: CWD: C:\Users\rgraham\documents\todo-grad-project
11 silly lifecycle todo-grad-project@1.0.0~test: Args: [ '/d /s /c', 'grunt ci-test' ]
12 silly lifecycle todo-grad-project@1.0.0~test: Returned: code: 3  signal: null
13 info lifecycle todo-grad-project@1.0.0~test: Failed to exec test script
14 verbose stack Error: todo-grad-project@1.0.0 test: `grunt ci-test`
14 verbose stack Exit status 3
14 verbose stack     at EventEmitter.<anonymous> (C:\Program Files\nodejs\node_modules\npm\lib\utils\lifecycle.js:255:16)
14 verbose stack     at emitTwo (events.js:106:13)
14 verbose stack     at EventEmitter.emit (events.js:191:7)
14 verbose stack     at ChildProcess.<anonymous> (C:\Program Files\nodejs\node_modules\npm\lib\utils\spawn.js:40:14)
14 verbose stack     at emitTwo (events.js:106:13)
14 verbose stack     at ChildProcess.emit (events.js:191:7)
14 verbose stack     at maybeClose (internal/child_process.js:891:16)
14 verbose stack     at Process.ChildProcess._handle.onexit (internal/child_process.js:226:5)
15 verbose pkgid todo-grad-project@1.0.0
16 verbose cwd C:\Users\rgraham\documents\todo-grad-project
17 error Windows_NT 6.1.7601
18 error argv "C:\\Program Files\\nodejs\\node.exe" "C:\\Program Files\\nodejs\\node_modules\\npm\\bin\\npm-cli.js" "run" "test"
19 error node v6.11.0
20 error npm  v3.10.10
21 error code ELIFECYCLE
22 error todo-grad-project@1.0.0 test: `grunt ci-test`
22 error Exit status 3
23 error Failed at the todo-grad-project@1.0.0 test script 'grunt ci-test'.
23 error Make sure you have the latest version of node.js and npm installed.
23 error If you do, this is most likely a problem with the todo-grad-project package,
23 error not with npm itself.
23 error Tell the author that this fails on your system:
23 error     grunt ci-test
23 error You can get information on how to open an issue for this project with:
23 error     npm bugs todo-grad-project
23 error Or if that isn't available, you can get their info via:
23 error     npm owner ls todo-grad-project
23 error There is likely additional logging output above.
24 verbose exit [ 1, true ]
